2026-03-22 15:22:21,844 INFO Starting pipeline
2026-03-22 15:22:21,844 INFO Loading CSV files
2026-03-22 15:22:37,341 INFO Building features
2026-03-22 15:23:15,504 INFO Built feature table with 1393150 rows
2026-03-22 15:23:15,910 INFO Running Isolation Forest
2026-03-22 15:23:22,714 INFO Detected 27120 anomalies
2026-03-22 15:23:22,716 INFO Saving outputs
2026-03-22 15:23:22,866 INFO Pipeline completed successfully
2026-03-23 15:04:59,798 INFO Starting pipeline
2026-03-23 15:04:59,798 INFO Loading CSV files
2026-03-23 15:05:31,903 INFO Building features
2026-03-23 15:06:20,823 INFO Built feature table with 1393150 rows
2026-03-23 15:06:21,184 INFO Running Isolation Forest
2026-03-23 15:06:29,231 INFO Detected 27120 anomalies
2026-03-23 15:06:29,238 INFO Saving outputs
2026-03-23 15:06:29,478 INFO Pipeline completed successfully
2026-04-11 22:26:38,293 INFO Starting pipeline
2026-04-11 22:26:38,293 INFO Loading CSV files
2026-04-11 22:37:20,705 INFO Starting pipeline
2026-04-11 22:37:20,706 INFO Loading CSV files
2026-04-11 22:38:36,829 INFO Starting pipeline
2026-04-11 22:38:36,829 INFO Loading CSV files
2026-04-11 22:38:36,863 INFO Building features
2026-04-11 22:38:36,964 INFO Built feature table with 4051 rows
2026-04-11 22:38:36,965 INFO Running Isolation Forest
2026-04-11 22:38:37,061 INFO Detected 77 anomalies
2026-04-11 22:38:37,062 INFO Saving outputs
2026-04-11 22:38:37,139 INFO Saved tables and chart to artifacts/release
2026-04-11 22:38:37,139 INFO Pipeline completed successfully
2026-04-11 22:41:08,371 INFO Starting pipeline
2026-04-11 22:41:08,372 INFO Loading CSV files
2026-04-11 22:41:08,407 INFO Building features
2026-04-11 22:41:08,504 INFO Built feature table with 4051 rows
2026-04-11 22:41:08,505 INFO Running Isolation Forest
2026-04-11 22:41:08,597 INFO Detected 77 anomalies
2026-04-11 22:41:08,597 INFO Saving outputs
2026-04-11 22:41:08,669 INFO Saved tables and chart to artifacts/release
2026-04-11 22:41:08,669 INFO Pipeline completed successfully
